Determining if the pthread_create exist failed with the following output:
Change Dir: /home/nvidia/0-cv-hello/build/CMakeFiles/CMakeTmp

Run Build Command:"/usr/bin/make" "cmTC_97aac/fast"
/usr/bin/make -f CMakeFiles/cmTC_97aac.dir/build.make CMakeFiles/cmTC_97aac.dir/build
make[1]: Entering directory '/home/nvidia/0-cv-hello/build/CMakeFiles/CMakeTmp'
Building C object CMakeFiles/cmTC_97aac.dir/CheckSymbolExists.c.o
/usr/bin/cc    -fPIC    -o CMakeFiles/cmTC_97aac.dir/CheckSymbolExists.c.o   -c /home/nvidia/0-cv-hello/build/CMakeFiles/CMakeTmp/CheckSymbolExists.c
Linking C executable cmTC_97aac
/usr/bin/cmake -E cmake_link_script CMakeFiles/cmTC_97aac.dir/link.txt --verbose=1
/usr/bin/cc  -fPIC     CMakeFiles/cmTC_97aac.dir/CheckSymbolExists.c.o  -o cmTC_97aac -rdynamic 
CMakeFiles/cmTC_97aac.dir/CheckSymbolExists.c.o: In function `main':
CheckSymbolExists.c:(.text+0x14): undefined reference to `pthread_create'
CheckSymbolExists.c:(.text+0x18): undefined reference to `pthread_create'
collect2: error: ld returned 1 exit status
CMakeFiles/cmTC_97aac.dir/build.make:97: recipe for target 'cmTC_97aac' failed
make[1]: *** [cmTC_97aac] Error 1
make[1]: Leaving directory '/home/nvidia/0-cv-hello/build/CMakeFiles/CMakeTmp'
Makefile:126: recipe for target 'cmTC_97aac/fast' failed
make: *** [cmTC_97aac/fast] Error 2

File /home/nvidia/0-cv-hello/build/CMakeFiles/CMakeTmp/CheckSymbolExists.c:
/* */
#include <pthread.h>

int main(int argc, char** argv)
{
  (void)argv;
#ifndef pthread_create
  return ((int*)(&pthread_create))[argc];
#else
  (void)argc;
  return 0;
#endif
}

Determining if the function pthread_create exists in the pthreads failed with the following output:
Change Dir: /home/nvidia/0-cv-hello/build/CMakeFiles/CMakeTmp

Run Build Command:"/usr/bin/make" "cmTC_4b754/fast"
/usr/bin/make -f CMakeFiles/cmTC_4b754.dir/build.make CMakeFiles/cmTC_4b754.dir/build
make[1]: Entering directory '/home/nvidia/0-cv-hello/build/CMakeFiles/CMakeTmp'
Building C object CMakeFiles/cmTC_4b754.dir/CheckFunctionExists.c.o
/usr/bin/cc    -fPIC -DCHECK_FUNCTION_EXISTS=pthread_create   -o CMakeFiles/cmTC_4b754.dir/CheckFunctionExists.c.o   -c /usr/share/cmake-3.5/Modules/CheckFunctionExists.c
Linking C executable cmTC_4b754
/usr/bin/cmake -E cmake_link_script CMakeFiles/cmTC_4b754.dir/link.txt --verbose=1
/usr/bin/cc  -fPIC -DCHECK_FUNCTION_EXISTS=pthread_create    CMakeFiles/cmTC_4b754.dir/CheckFunctionExists.c.o  -o cmTC_4b754 -rdynamic -lpthreads 
/usr/bin/ld: cannot find -lpthreads
collect2: error: ld returned 1 exit status
CMakeFiles/cmTC_4b754.dir/build.make:97: recipe for target 'cmTC_4b754' failed
make[1]: *** [cmTC_4b754] Error 1
make[1]: Leaving directory '/home/nvidia/0-cv-hello/build/CMakeFiles/CMakeTmp'
Makefile:126: recipe for target 'cmTC_4b754/fast' failed
make: *** [cmTC_4b754/fast] Error 2


